\BOOKMARK [1][-]{section.1}{\376\377\000R\000e\000j\000e\000c\000t\000i\000o\000n\000\040\000r\000a\000t\000e}{}% 1
\BOOKMARK [2][-]{subsection.1.1}{\376\377\0002\000\040\000s\000t\000a\000g\000e\000s}{section.1}% 2
\BOOKMARK [2][-]{subsection.1.2}{\376\377\0003\000\040\000s\000t\000a\000g\000e\000s}{section.1}% 3
\BOOKMARK [1][-]{section.2}{\376\377\000C\000o\000n\000c\000l\000u\000s\000i\000o\000n\000\040\000o\000f\000\040\000t\000h\000e\000\040\000t\000r\000i\000a\000l}{}% 4
\BOOKMARK [2][-]{subsection.2.1}{\376\377\0002\000\040\000s\000t\000a\000g\000e\000s}{section.2}% 5
\BOOKMARK [2][-]{subsection.2.2}{\376\377\0003\000\040\000s\000t\000a\000g\000e\000s}{section.2}% 6
\BOOKMARK [1][-]{section.3}{\376\377\000B\000i\000a\000s\000\040\000\050\000T\000r\000u\000e\000\040\000e\000f\000f\000e\000c\000t\000:\000\040\0000\000.\0006\000\040\000u\000n\000d\000e\000r\000\040\000t\000h\000e\000\040\000a\000l\000t\000e\000r\000n\000a\000t\000i\000v\000e\000\051}{}% 7
\BOOKMARK [2][-]{subsection.3.1}{\376\377\0002\000\040\000s\000t\000a\000g\000e\000s}{section.3}% 8
\BOOKMARK [2][-]{subsection.3.2}{\376\377\0003\000\040\000s\000t\000a\000g\000e\000s}{section.3}% 9
\BOOKMARK [1][-]{section.4}{\376\377\000D\000i\000s\000t\000r\000i\000b\000u\000t\000i\000o\000n\000\040\000o\000f\000\040\000t\000h\000e\000\040\000e\000s\000t\000i\000m\000a\000t\000e\000s}{}% 10
\BOOKMARK [2][-]{subsection.4.1}{\376\377\0002\000\040\000s\000t\000a\000g\000e\000s}{section.4}% 11
\BOOKMARK [2][-]{subsection.4.2}{\376\377\0003\000\040\000s\000t\000a\000g\000e\000s}{section.4}% 12
\BOOKMARK [1][-]{section.5}{\376\377\000S\000p\000e\000c\000i\000a\000l\000\040\000c\000a\000s\000e\000s}{}% 13
\BOOKMARK [2][-]{subsection.5.1}{\376\377\0002\000\040\000s\000t\000a\000g\000e\000s}{section.5}% 14
\BOOKMARK [2][-]{subsection.5.2}{\376\377\0003\000\040\000s\000t\000a\000g\000e\000s}{section.5}% 15
\BOOKMARK [1][-]{section.6}{\376\377\000R\000e\000v\000e\000r\000s\000a\000l\000\040\000p\000r\000o\000b\000a\000b\000i\000l\000i\000t\000y}{}% 16
\BOOKMARK [2][-]{subsection.6.1}{\376\377\0002\000\040\000s\000t\000a\000g\000e\000s}{section.6}% 17
\BOOKMARK [2][-]{subsection.6.2}{\376\377\0003\000\040\000s\000t\000a\000g\000e\000s}{section.6}% 18
\BOOKMARK [1][-]{section.7}{\376\377\000L\000o\000g\000i\000c\000a\000l\000\040\000c\000o\000n\000s\000i\000s\000t\000e\000n\000c\000y\000\040\000o\000f\000\040\000p\000-\000v\000a\000l\000u\000e\000s\000/\000C\000I\000s}{}% 19
\BOOKMARK [2][-]{subsection.7.1}{\376\377\000M\000i\000s\000m\000a\000t\000c\000h\000\040\000p\000-\000v\000a\000l\000u\000e\000\040\000/\000\040\000b\000o\000u\000n\000d\000a\000r\000i\000e\000s}{section.7}% 20
\BOOKMARK [3][-]{subsubsection.7.1.1}{\376\377\0002\000\040\000s\000t\000a\000g\000e\000s}{subsection.7.1}% 21
\BOOKMARK [3][-]{subsubsection.7.1.2}{\376\377\0003\000\040\000s\000t\000a\000g\000e\000s}{subsection.7.1}% 22
\BOOKMARK [2][-]{subsection.7.2}{\376\377\000M\000i\000s\000m\000a\000t\000c\000h\000\040\000c\000o\000n\000f\000i\000d\000e\000n\000c\000e\000\040\000i\000n\000t\000e\000r\000v\000a\000l\000s\000\040\000/\000\040\000b\000o\000u\000n\000d\000a\000r\000i\000e\000s}{section.7}% 23
\BOOKMARK [3][-]{subsubsection.7.2.1}{\376\377\0002\000\040\000s\000t\000a\000g\000e\000s}{subsection.7.2}% 24
\BOOKMARK [3][-]{subsubsection.7.2.2}{\376\377\0003\000\040\000s\000t\000a\000g\000e\000s}{subsection.7.2}% 25
\BOOKMARK [2][-]{subsection.7.3}{\376\377\000R\000a\000n\000g\000e\000\040\000o\000f\000\040\000p\000-\000v\000a\000l\000u\000e\000s}{section.7}% 26
\BOOKMARK [3][-]{subsubsection.7.3.1}{\376\377\0002\000\040\000s\000t\000a\000g\000e\000s}{subsection.7.3}% 27
\BOOKMARK [3][-]{subsubsection.7.3.2}{\376\377\0003\000\040\000s\000t\000a\000g\000e\000s}{subsection.7.3}% 28
\BOOKMARK [1][-]{section.8}{\376\377\000C\000o\000v\000e\000r\000a\000g\000e}{}% 29
\BOOKMARK [2][-]{subsection.8.1}{\376\377\0002\000\040\000s\000t\000a\000g\000e\000s}{section.8}% 30
\BOOKMARK [2][-]{subsection.8.2}{\376\377\0003\000\040\000s\000t\000a\000g\000e\000s}{section.8}% 31
\BOOKMARK [1][-]{section.9}{\376\377\000P\000e\000r\000c\000e\000n\000t\000a\000g\000e\000\040\000o\000f\000\040\000m\000i\000s\000s\000i\000n\000g\000\040\000v\000a\000l\000u\000e\000s\000\040\000\050\0002\000\040\000s\000t\000a\000g\000e\000s\000\051}{}% 32
\BOOKMARK [1][-]{section.10}{\376\377\000I\000n\000f\000o\000r\000m\000a\000t\000i\000o\000n\000\040\000\050\0002\000\040\000s\000t\000a\000g\000e\000s\000\051}{}% 33
